<?xml version="1.0" encoding="UTF-8"?>
<!-- Generated by org.testng.reporters.JUnitXMLReporter -->
<testsuite hostname="Lisas-MacBook-Pro.local" name="Login" tests="3" failures="0" timestamp="20 Dec 2016 23:39:02 GMT" time="13.633" errors="0">
  <testcase name="OpenBrowser" time="1.576" classname="testproject.testcases.TestVerifyLogin"/>
  <testcase name="NavigateToUrlAndLogin" time="11.946" classname="testproject.testcases.TestVerifyLogin"/>
  <testcase name="closeBrowser" time="0.094" classname="testproject.testcases.TestVerifyLogin"/>
</testsuite> <!-- Login -->
